<?xml version="1.0" encoding="UTF-8"?>
<!-- Generated by org.testng.reporters.JUnitReportReporter -->
<testsuite hostname="DESKTOP-9CCOEO0" failures="0" tests="1" name="test.LoginTest" time="5.381" errors="0" timestamp="23 Nov 2021 02:05:42 GMT" skipped="0">
  <testcase classname="test.LoginTest" name="verifiedUserShouldBeAbleToLogin" time="5.381"/>
</testsuite> <!-- test.LoginTest -->
