<?xml version="1.0" encoding="UTF-8"?>
<!-- Generated by org.testng.reporters.JUnitReportReporter -->
<testsuite hostname="DESKTOP-9CCOEO0" failures="0" tests="1" name="test.AddContactTest" time="7.027" errors="0" timestamp="23 Nov 2021 05:35:29 GMT" skipped="0">
  <testcase classname="test.AddContactTest" name="validUserShoudBeAbleToAddCustomer" time="7.027"/>
</testsuite> <!-- test.AddContactTest -->
