<?xml version="1.0" encoding="UTF-8"?>
<!-- Generated by org.testng.reporters.JUnitReportReporter -->
<testsuite hostname="DESKTOP-9CCOEO0" failures="0" tests="1" name="util.BrowserFactory" time="0.012" errors="0" timestamp="23 Nov 2021 02:00:09 GMT" skipped="0">
  <testcase classname="util.BrowserFactory" name="readConfig" time="0.012"/>
</testsuite> <!-- util.BrowserFactory -->
